
bb_init()
    conn:
    proto_major = 7
    proto_minor = 27
    async_read = 1
    max_write = 131072
    max_readahead = 131072
    capable = 00000ffb
    want = 00000010
    max_background = 0
    congestion_threshold = 0
    context:
    fuse = 4bbe57a0
    uid = 0
    gid = 0
    pid = 0
    private_data = 4bbe4260
    logfile = 4bbe5290
    rootdir = /home/Hans-sss/tmp/W03/fuse-tutorial-2018-02-04/example/rootdir
    umask = 00000

bb_getattr(path="/", statbuf=0x041e4c10)
    bb_fullpath:  rootdir = "/home/Hans-sss/tmp/W03/fuse-tutorial-2018-02-04/example/rootdir", path = "/", fpath = "/home/Hans-sss/tmp/W03/fuse-tutorial-2018-02-04/example/rootdir/"
    lstat returned 0
    si:
    st_dev = 2050
    st_ino = 2099979
    st_mode = 040755
    st_nlink = 2
    st_uid = 1001
    st_gid = 1001
    st_rdev = 0
    st_size = 4096
    st_blksize = 4096
    st_blocks = 8
    st_atime = 0x605592e1
    st_mtime = 0x605592e0
    st_ctime = 0x605592e0

bb_statfs(path="/", statv=0x039c1bf0)
    bb_fullpath:  rootdir = "/home/Hans-sss/tmp/W03/fuse-tutorial-2018-02-04/example/rootdir", path = "/", fpath = "/home/Hans-sss/tmp/W03/fuse-tutorial-2018-02-04/example/rootdir/"
    statvfs returned 0
    sv:
    f_bsize = 4096
    f_frsize = 4096
    f_blocks = 16383887
    f_bfree = 15994941
    f_bavail = 15155261
    f_files = 4177920
    f_ffree = 4136066
    f_favail = 4136066
    f_fsid = -7426187981649815848
    f_flag = 0x00001000
    f_namemax = 255

bb_getattr(path="/Makefile", statbuf=0x041e4c40)
    bb_fullpath:  rootdir = "/home/Hans-sss/tmp/W03/fuse-tutorial-2018-02-04/example/rootdir", path = "/Makefile", fpath = "/home/Hans-sss/tmp/W03/fuse-tutorial-2018-02-04/example/rootdir/Makefile"
    lstat returned -1
    ERROR lstat: No such file or directory
    si:
    st_dev = 0
    st_ino = 0
    st_mode = 00
    st_nlink = 0
    st_uid = 0
    st_gid = 0
    st_rdev = 0
    st_size = 0
    st_blksize = 0
    st_blocks = 0
    st_atime = 0x00000000
    st_mtime = 0x00000000
    st_ctime = 0x00000000

bb_getattr(path="/Makefile", statbuf=0x039c1c40)
    bb_fullpath:  rootdir = "/home/Hans-sss/tmp/W03/fuse-tutorial-2018-02-04/example/rootdir", path = "/Makefile", fpath = "/home/Hans-sss/tmp/W03/fuse-tutorial-2018-02-04/example/rootdir/Makefile"
    lstat returned -1
    ERROR lstat: No such file or directory
    si:
    st_dev = 0
    st_ino = 0
    st_mode = 00
    st_nlink = 0
    st_uid = 0
    st_gid = 0
    st_rdev = 0
    st_size = 0
    st_blksize = 0
    st_blocks = 0
    st_atime = 0x00000000
    st_mtime = 0x00000000
    st_ctime = 0x00000000

bb_mknod(path="/Makefile", mode=0100644, dev=0)
    bb_fullpath:  rootdir = "/home/Hans-sss/tmp/W03/fuse-tutorial-2018-02-04/example/rootdir", path = "/Makefile", fpath = "/home/Hans-sss/tmp/W03/fuse-tutorial-2018-02-04/example/rootdir/Makefile"
    open returned 5
    close returned 0

bb_getattr(path="/Makefile", statbuf=0x039c1c40)
    bb_fullpath:  rootdir = "/home/Hans-sss/tmp/W03/fuse-tutorial-2018-02-04/example/rootdir", path = "/Makefile", fpath = "/home/Hans-sss/tmp/W03/fuse-tutorial-2018-02-04/example/rootdir/Makefile"
    lstat returned 0
    si:
    st_dev = 2050
    st_ino = 2099985
    st_mode = 0100644
    st_nlink = 1
    st_uid = 1001
    st_gid = 1001
    st_rdev = 0
    st_size = 0
    st_blksize = 4096
    st_blocks = 0
    st_atime = 0x605592e1
    st_mtime = 0x605592e1
    st_ctime = 0x605592e1

bb_open(path"/Makefile", fi=0x041e4cf0)
    bb_fullpath:  rootdir = "/home/Hans-sss/tmp/W03/fuse-tutorial-2018-02-04/example/rootdir", path = "/Makefile", fpath = "/home/Hans-sss/tmp/W03/fuse-tutorial-2018-02-04/example/rootdir/Makefile"
    open returned 5
    fi:
    flags = 0x00008001
    fh_old = 0x00000000
    writepage = 0
    direct_io = 0
    keep_cache = 0
    fh = 0x0000000000000005
    lock_owner = 0x0000000000000000

bb_getxattr(path = "/Makefile", name = "security.capability", value = 0x00000000, size = 0)
    bb_fullpath:  rootdir = "/home/Hans-sss/tmp/W03/fuse-tutorial-2018-02-04/example/rootdir", path = "/Makefile", fpath = "/home/Hans-sss/tmp/W03/fuse-tutorial-2018-02-04/example/rootdir/Makefile"
    lgetxattr returned -1
    ERROR lgetxattr: No data available

bb_write(path="/Makefile", buf=0x041e6060, size=186, offset=0, fi=0x041e4d50)
    fi:
    flags = 0x00008001
    fh_old = 0x00000005
    writepage = 0
    direct_io = 0
    keep_cache = 0
    fh = 0x0000000000000005
    lock_owner = 0x0000000000000000
    pwrite returned 186

bb_flush(path="/Makefile", fi=0x039c1cf0)
    fi:
    flags = 0x00000000
    fh_old = 0x00000005
    writepage = 0
    direct_io = 0
    keep_cache = 0
    fh = 0x0000000000000005
    lock_owner = 0xaaf32fe341c556ab

bb_release(path="/Makefile", fi=0x041e4cf0)
    fi:
    flags = 0x00008001
    fh_old = 0x00000005
    writepage = 0
    direct_io = 0
    keep_cache = 0
    fh = 0x0000000000000005
    lock_owner = 0x0000000000000000
    close returned 0

bb_getattr(path="/touch-a-file.txt", statbuf=0x039c1c40)
    bb_fullpath:  rootdir = "/home/Hans-sss/tmp/W03/fuse-tutorial-2018-02-04/example/rootdir", path = "/touch-a-file.txt", fpath = "/home/Hans-sss/tmp/W03/fuse-tutorial-2018-02-04/example/rootdir/touch-a-file.txt"
    lstat returned -1
    ERROR lstat: No such file or directory
    si:
    st_dev = 0
    st_ino = 0
    st_mode = 00
    st_nlink = 0
    st_uid = 0
    st_gid = 0
    st_rdev = 0
    st_size = 0
    st_blksize = 0
    st_blocks = 0
    st_atime = 0x00000000
    st_mtime = 0x00000000
    st_ctime = 0x00000000

bb_mknod(path="/touch-a-file.txt", mode=0100644, dev=0)
    bb_fullpath:  rootdir = "/home/Hans-sss/tmp/W03/fuse-tutorial-2018-02-04/example/rootdir", path = "/touch-a-file.txt", fpath = "/home/Hans-sss/tmp/W03/fuse-tutorial-2018-02-04/example/rootdir/touch-a-file.txt"
    open returned 5
    close returned 0

bb_getattr(path="/touch-a-file.txt", statbuf=0x041e4c40)
    bb_fullpath:  rootdir = "/home/Hans-sss/tmp/W03/fuse-tutorial-2018-02-04/example/rootdir", path = "/touch-a-file.txt", fpath = "/home/Hans-sss/tmp/W03/fuse-tutorial-2018-02-04/example/rootdir/touch-a-file.txt"
    lstat returned 0
    si:
    st_dev = 2050
    st_ino = 2099986
    st_mode = 0100644
    st_nlink = 1
    st_uid = 1001
    st_gid = 1001
    st_rdev = 0
    st_size = 0
    st_blksize = 4096
    st_blocks = 0
    st_atime = 0x605592e1
    st_mtime = 0x605592e1
    st_ctime = 0x605592e1

bb_open(path"/touch-a-file.txt", fi=0x039c1cf0)
    bb_fullpath:  rootdir = "/home/Hans-sss/tmp/W03/fuse-tutorial-2018-02-04/example/rootdir", path = "/touch-a-file.txt", fpath = "/home/Hans-sss/tmp/W03/fuse-tutorial-2018-02-04/example/rootdir/touch-a-file.txt"
    open returned 5
    fi:
    flags = 0x00008801
    fh_old = 0x00000000
    writepage = 0
    direct_io = 0
    keep_cache = 0
    fh = 0x0000000000000005
    lock_owner = 0x0000000000000000

bb_flush(path="/touch-a-file.txt", fi=0x041e4cf0)
    fi:
    flags = 0x00000000
    fh_old = 0x00000005
    writepage = 0
    direct_io = 0
    keep_cache = 0
    fh = 0x0000000000000005
    lock_owner = 0x6bee162d539a374f

bb_utime(path="/touch-a-file.txt", ubuf=0x039c1aa0)
    bb_fullpath:  rootdir = "/home/Hans-sss/tmp/W03/fuse-tutorial-2018-02-04/example/rootdir", path = "/touch-a-file.txt", fpath = "/home/Hans-sss/tmp/W03/fuse-tutorial-2018-02-04/example/rootdir/touch-a-file.txt"
    utime returned 0

bb_getattr(path="/touch-a-file.txt", statbuf=0x039c1b70)
    bb_fullpath:  rootdir = "/home/Hans-sss/tmp/W03/fuse-tutorial-2018-02-04/example/rootdir", path = "/touch-a-file.txt", fpath = "/home/Hans-sss/tmp/W03/fuse-tutorial-2018-02-04/example/rootdir/touch-a-file.txt"
    lstat returned 0
    si:
    st_dev = 2050
    st_ino = 2099986
    st_mode = 0100644
    st_nlink = 1
    st_uid = 1001
    st_gid = 1001
    st_rdev = 0
    st_size = 0
    st_blksize = 4096
    st_blocks = 0
    st_atime = 0x605592e1
    st_mtime = 0x605592e1
    st_ctime = 0x605592e1

bb_flush(path="/touch-a-file.txt", fi=0x041e4cf0)
    fi:
    flags = 0x00000000
    fh_old = 0x00000005
    writepage = 0
    direct_io = 0
    keep_cache = 0
    fh = 0x0000000000000005
    lock_owner = 0x6bee162d539a374f

bb_release(path="/touch-a-file.txt", fi=0x039c1cf0)
    fi:
    flags = 0x00008801
    fh_old = 0x00000005
    writepage = 0
    direct_io = 0
    keep_cache = 0
    fh = 0x0000000000000005
    lock_owner = 0x0000000000000000
    close returned 0

bb_getattr(path="/", statbuf=0x041e4c10)
    bb_fullpath:  rootdir = "/home/Hans-sss/tmp/W03/fuse-tutorial-2018-02-04/example/rootdir", path = "/", fpath = "/home/Hans-sss/tmp/W03/fuse-tutorial-2018-02-04/example/rootdir/"
    lstat returned 0
    si:
    st_dev = 2050
    st_ino = 2099979
    st_mode = 040755
    st_nlink = 2
    st_uid = 1001
    st_gid = 1001
    st_rdev = 0
    st_size = 4096
    st_blksize = 4096
    st_blocks = 8
    st_atime = 0x605592e1
    st_mtime = 0x605592e1
    st_ctime = 0x605592e1

bb_getxattr(path = "/", name = "security.selinux", value = 0xf4000bf0, size = 255)
    bb_fullpath:  rootdir = "/home/Hans-sss/tmp/W03/fuse-tutorial-2018-02-04/example/rootdir", path = "/", fpath = "/home/Hans-sss/tmp/W03/fuse-tutorial-2018-02-04/example/rootdir/"
    lgetxattr returned -1
    ERROR lgetxattr: No data available

bb_getxattr(path = "/", name = "system.posix_acl_access", value = 0x00000000, size = 0)
    bb_fullpath:  rootdir = "/home/Hans-sss/tmp/W03/fuse-tutorial-2018-02-04/example/rootdir", path = "/", fpath = "/home/Hans-sss/tmp/W03/fuse-tutorial-2018-02-04/example/rootdir/"
    lgetxattr returned -1
    ERROR lgetxattr: No data available

bb_getxattr(path = "/", name = "system.posix_acl_default", value = 0x00000000, size = 0)
    bb_fullpath:  rootdir = "/home/Hans-sss/tmp/W03/fuse-tutorial-2018-02-04/example/rootdir", path = "/", fpath = "/home/Hans-sss/tmp/W03/fuse-tutorial-2018-02-04/example/rootdir/"
    lgetxattr returned -1
    ERROR lgetxattr: No data available

bb_opendir(path="/", fi=0x041e4c30)
    bb_fullpath:  rootdir = "/home/Hans-sss/tmp/W03/fuse-tutorial-2018-02-04/example/rootdir", path = "/", fpath = "/home/Hans-sss/tmp/W03/fuse-tutorial-2018-02-04/example/rootdir/"
    opendir returned 0x0x7f37fc0022e0
    fi:
    flags = 0x00018800
    fh_old = 0x00000000
    writepage = 0
    direct_io = 0
    keep_cache = 0
    fh = 0x00007f37fc0022e0
    lock_owner = 0x0000000000000000

bb_readdir(path="/", buf=0xfc002260, filler=0x043fab80, offset=0, fi=0x039c1c30)
    readdir returned 0x0x7f37fc002310
calling filler with name touch-a-file.txt
calling filler with name bogus.txt
calling filler with name ..
calling filler with name .
calling filler with name Makefile
    fi:
    flags = 0x00000000
    fh_old = 0x7f37fc0022e0
    writepage = 0
    direct_io = 0
    keep_cache = 0
    fh = 0x00007f37fc0022e0
    lock_owner = 0x0000000000000000

bb_getxattr(path = "/touch-a-file.txt", name = "security.selinux", value = 0xfc001df0, size = 255)
    bb_fullpath:  rootdir = "/home/Hans-sss/tmp/W03/fuse-tutorial-2018-02-04/example/rootdir", path = "/touch-a-file.txt", fpath = "/home/Hans-sss/tmp/W03/fuse-tutorial-2018-02-04/example/rootdir/touch-a-file.txt"
    lgetxattr returned -1
    ERROR lgetxattr: No data available

bb_getxattr(path = "/touch-a-file.txt", name = "system.posix_acl_access", value = 0x00000000, size = 0)
    bb_fullpath:  rootdir = "/home/Hans-sss/tmp/W03/fuse-tutorial-2018-02-04/example/rootdir", path = "/touch-a-file.txt", fpath = "/home/Hans-sss/tmp/W03/fuse-tutorial-2018-02-04/example/rootdir/touch-a-file.txt"
    lgetxattr returned -1
    ERROR lgetxattr: No data available

bb_getattr(path="/bogus.txt", statbuf=0x041e4c40)
    bb_fullpath:  rootdir = "/home/Hans-sss/tmp/W03/fuse-tutorial-2018-02-04/example/rootdir", path = "/bogus.txt", fpath = "/home/Hans-sss/tmp/W03/fuse-tutorial-2018-02-04/example/rootdir/bogus.txt"
    lstat returned 0
    si:
    st_dev = 2050
    st_ino = 2099980
    st_mode = 0100644
    st_nlink = 1
    st_uid = 1001
    st_gid = 1001
    st_rdev = 0
    st_size = 11
    st_blksize = 4096
    st_blocks = 8
    st_atime = 0x605592e0
    st_mtime = 0x605592e0
    st_ctime = 0x605592e0

bb_getxattr(path = "/bogus.txt", name = "security.selinux", value = 0xf4000bf0, size = 255)
    bb_fullpath:  rootdir = "/home/Hans-sss/tmp/W03/fuse-tutorial-2018-02-04/example/rootdir", path = "/bogus.txt", fpath = "/home/Hans-sss/tmp/W03/fuse-tutorial-2018-02-04/example/rootdir/bogus.txt"
    lgetxattr returned -1
    ERROR lgetxattr: No data available

bb_getxattr(path = "/bogus.txt", name = "system.posix_acl_access", value = 0x00000000, size = 0)
    bb_fullpath:  rootdir = "/home/Hans-sss/tmp/W03/fuse-tutorial-2018-02-04/example/rootdir", path = "/bogus.txt", fpath = "/home/Hans-sss/tmp/W03/fuse-tutorial-2018-02-04/example/rootdir/bogus.txt"
    lgetxattr returned -1
    ERROR lgetxattr: No data available

bb_getattr(path="/", statbuf=0x039c1c10)
    bb_fullpath:  rootdir = "/home/Hans-sss/tmp/W03/fuse-tutorial-2018-02-04/example/rootdir", path = "/", fpath = "/home/Hans-sss/tmp/W03/fuse-tutorial-2018-02-04/example/rootdir/"
    lstat returned 0
    si:
    st_dev = 2050
    st_ino = 2099979
    st_mode = 040755
    st_nlink = 2
    st_uid = 1001
    st_gid = 1001
    st_rdev = 0
    st_size = 4096
    st_blksize = 4096
    st_blocks = 8
    st_atime = 0x605592e1
    st_mtime = 0x605592e1
    st_ctime = 0x605592e1

bb_getxattr(path = "/", name = "security.selinux", value = 0xfc001df0, size = 255)
    bb_fullpath:  rootdir = "/home/Hans-sss/tmp/W03/fuse-tutorial-2018-02-04/example/rootdir", path = "/", fpath = "/home/Hans-sss/tmp/W03/fuse-tutorial-2018-02-04/example/rootdir/"
    lgetxattr returned -1
    ERROR lgetxattr: No data available

bb_getxattr(path = "/", name = "system.posix_acl_access", value = 0x00000000, size = 0)
    bb_fullpath:  rootdir = "/home/Hans-sss/tmp/W03/fuse-tutorial-2018-02-04/example/rootdir", path = "/", fpath = "/home/Hans-sss/tmp/W03/fuse-tutorial-2018-02-04/example/rootdir/"
    lgetxattr returned -1
    ERROR lgetxattr: No data available

bb_getxattr(path = "/", name = "system.posix_acl_default", value = 0x00000000, size = 0)
    bb_fullpath:  rootdir = "/home/Hans-sss/tmp/W03/fuse-tutorial-2018-02-04/example/rootdir", path = "/", fpath = "/home/Hans-sss/tmp/W03/fuse-tutorial-2018-02-04/example/rootdir/"
    lgetxattr returned -1
    ERROR lgetxattr: No data available

bb_getattr(path="/Makefile", statbuf=0x039c1c10)
    bb_fullpath:  rootdir = "/home/Hans-sss/tmp/W03/fuse-tutorial-2018-02-04/example/rootdir", path = "/Makefile", fpath = "/home/Hans-sss/tmp/W03/fuse-tutorial-2018-02-04/example/rootdir/Makefile"
    lstat returned 0
    si:
    st_dev = 2050
    st_ino = 2099985
    st_mode = 0100644
    st_nlink = 1
    st_uid = 1001
    st_gid = 1001
    st_rdev = 0
    st_size = 186
    st_blksize = 4096
    st_blocks = 8
    st_atime = 0x605592e1
    st_mtime = 0x605592e1
    st_ctime = 0x605592e1

bb_getxattr(path = "/Makefile", name = "security.selinux", value = 0xfc001df0, size = 255)
    bb_fullpath:  rootdir = "/home/Hans-sss/tmp/W03/fuse-tutorial-2018-02-04/example/rootdir", path = "/Makefile", fpath = "/home/Hans-sss/tmp/W03/fuse-tutorial-2018-02-04/example/rootdir/Makefile"
    lgetxattr returned -1
    ERROR lgetxattr: No data available

bb_getxattr(path = "/Makefile", name = "system.posix_acl_access", value = 0x00000000, size = 0)
    bb_fullpath:  rootdir = "/home/Hans-sss/tmp/W03/fuse-tutorial-2018-02-04/example/rootdir", path = "/Makefile", fpath = "/home/Hans-sss/tmp/W03/fuse-tutorial-2018-02-04/example/rootdir/Makefile"
    lgetxattr returned -1
    ERROR lgetxattr: No data available

bb_releasedir(path="/", fi=0x039c1c40)
    fi:
    flags = 0x00000000
    fh_old = 0x7f37fc0022e0
    writepage = 0
    direct_io = 0
    keep_cache = 0
    fh = 0x00007f37fc0022e0
    lock_owner = 0x0000000000000000

bb_getattr(path="/", statbuf=0x041e4c10)
    bb_fullpath:  rootdir = "/home/Hans-sss/tmp/W03/fuse-tutorial-2018-02-04/example/rootdir", path = "/", fpath = "/home/Hans-sss/tmp/W03/fuse-tutorial-2018-02-04/example/rootdir/"
    lstat returned 0
    si:
    st_dev = 2050
    st_ino = 2099979
    st_mode = 040755
    st_nlink = 2
    st_uid = 1001
    st_gid = 1001
    st_rdev = 0
    st_size = 4096
    st_blksize = 4096
    st_blocks = 8
    st_atime = 0x605592e1
    st_mtime = 0x605592e1
    st_ctime = 0x605592e1

bb_statfs(path="/", statv=0x039c1bf0)
    bb_fullpath:  rootdir = "/home/Hans-sss/tmp/W03/fuse-tutorial-2018-02-04/example/rootdir", path = "/", fpath = "/home/Hans-sss/tmp/W03/fuse-tutorial-2018-02-04/example/rootdir/"
    statvfs returned 0
    sv:
    f_bsize = 4096
    f_frsize = 4096
    f_blocks = 16383887
    f_bfree = 15994936
    f_bavail = 15155256
    f_files = 4177920
    f_ffree = 4136064
    f_favail = 4136064
    f_fsid = -7426187981649815848
    f_flag = 0x00001000
    f_namemax = 255

bb_destroy(userdata=0x4bbe4260)
